# JRE version: Java(TM) SE Runtime Environment (8.0_66-b18) (build 1.8.0_66-b18)
# Java VM: Java HotSpot(TM) 64-Bit Server VM (25.66-b18 mixed mode windows-amd64 compressed oops)
Heap:
 PSYoungGen      total 103424K, used 43831K [0x00000000f5580000, 0x00000000fdf80000, 0x0000000100000000)
  eden space 98304K, 39% used [0x00000000f5580000,0x00000000f7bacf60,0x00000000fb580000)
  from space 5120K, 92% used [0x00000000fb880000,0x00000000fbd21020,0x00000000fbd80000)
  to   space 21504K, 0% used [0x00000000fca80000,0x00000000fca80000,0x00000000fdf80000)
 ParOldGen       total 103936K, used 56280K [0x00000000e0000000, 0x00000000e6580000, 0x00000000f5580000)
  object space 103936K, 54% used [0x00000000e0000000,0x00000000e36f62d0,0x00000000e6580000)
 Metaspace       used 97901K, capacity 105904K, committed 106136K, reserved 1140736K
  class space    used 11803K, capacity 14468K, committed 14512K, reserved 1048576K
GC Heap History (10 events):
Event: 897.122 GC heap before
{Heap before GC invocations=39 (full 12):
 PSYoungGen      total 138752K, used 115351K [0x00000000f5580000, 0x00000000ffb80000, 0x0000000100000000)
  eden space 111616K, 100% used [0x00000000f5580000,0x00000000fc280000,0x00000000fc280000)
  from space 27136K, 13% used [0x00000000fe100000,0x00000000fe4a5c70,0x00000000ffb80000)
  to   space 29184K, 0% used [0x00000000fc280000,0x00000000fc280000,0x00000000fdf00000)
 ParOldGen       total 103936K, used 56248K [0x00000000e0000000, 0x00000000e6580000, 0x00000000f5580000)
  object space 103936K, 54% used [0x00000000e0000000,0x00000000e36ee2d0,0x00000000e6580000)
 Metaspace       used 95630K, capacity 103828K, committed 103960K, reserved 1138688K
  class space    used 11578K, capacity 14104K, committed 14128K, reserved 1048576K
Event: 897.130 GC heap after
Heap after GC invocations=39 (full 12):
 PSYoungGen      total 140800K, used 3661K [0x00000000f5580000, 0x00000000fff00000, 0x0000000100000000)
  eden space 111616K, 0% used [0x00000000f5580000,0x00000000f5580000,0x00000000fc280000)
  from space 29184K, 12% used [0x00000000fc280000,0x00000000fc613410,0x00000000fdf00000)
  to   space 27648K, 0% used [0x00000000fe400000,0x00000000fe400000,0x00000000fff00000)
 ParOldGen       total 103936K, used 56256K [0x00000000e0000000, 0x00000000e6580000, 0x00000000f5580000)
  object space 103936K, 54% used [0x00000000e0000000,0x00000000e36f02d0,0x00000000e6580000)
 Metaspace       used 95630K, capacity 103828K, committed 103960K, reserved 1138688K
  class space    used 11578K, capacity 14104K, committed 14128K, reserved 1048576K
}
Event: 940.031 GC heap before
{Heap before GC invocations=40 (full 12):
 PSYoungGen      total 140800K, used 115277K [0x00000000f5580000, 0x00000000fff00000, 0x0000000100000000)
  eden space 111616K, 100% used [0x00000000f5580000,0x00000000fc280000,0x00000000fc280000)
  from space 29184K, 12% used [0x00000000fc280000,0x00000000fc613410,0x00000000fdf00000)
  to   space 27648K, 0% used [0x00000000fe400000,0x00000000fe400000,0x00000000fff00000)
 ParOldGen       total 103936K, used 56256K [0x00000000e0000000, 0x00000000e6580000, 0x00000000f5580000)
  object space 103936K, 54% used [0x00000000e0000000,0x00000000e36f02d0,0x00000000e6580000)
 Metaspace       used 95919K, capacity 104002K, committed 104344K, reserved 1138688K
  class space    used 11588K, capacity 14140K, committed 14256K, reserved 1048576K
Event: 940.040 GC heap after
Heap after GC invocations=40 (full 12):
 PSYoungGen      total 121344K, used 4631K [0x00000000f5580000, 0x00000000ff100000, 0x0000000100000000)
  eden space 108032K, 0% used [0x00000000f5580000,0x00000000f5580000,0x00000000fbf00000)
  from space 13312K, 34% used [0x00000000fe400000,0x00000000fe885cc8,0x00000000ff100000)
  to   space 25600K, 0% used [0x00000000fbf00000,0x00000000fbf00000,0x00000000fd800000)
 ParOldGen       total 103936K, used 56264K [0x00000000e0000000, 0x00000000e6580000, 0x00000000f5580000)
  object space 103936K, 54% used [0x00000000e0000000,0x00000000e36f22d0,0x00000000e6580000)
 Metaspace       used 95919K, capacity 104002K, committed 104344K, reserved 1138688K
  class space    used 11588K, capacity 14140K, committed 14256K, reserved 1048576K
}
Event: 988.352 GC heap before
{Heap before GC invocations=41 (full 12):
 PSYoungGen      total 121344K, used 112663K [0x00000000f5580000, 0x00000000ff100000, 0x0000000100000000)
  eden space 108032K, 100% used [0x00000000f5580000,0x00000000fbf00000,0x00000000fbf00000)
  from space 13312K, 34% used [0x00000000fe400000,0x00000000fe885cc8,0x00000000ff100000)
  to   space 25600K, 0% used [0x00000000fbf00000,0x00000000fbf00000,0x00000000fd800000)
 ParOldGen       total 103936K, used 56264K [0x00000000e0000000, 0x00000000e6580000, 0x00000000f5580000)
  object space 103936K, 54% used [0x00000000e0000000,0x00000000e36f22d0,0x00000000e6580000)
 Metaspace       used 96758K, capacity 104906K, committed 105240K, reserved 1140736K
  class space    used 11682K, capacity 14271K, committed 14384K, reserved 1048576K
Event: 988.360 GC heap after
Heap after GC invocations=41 (full 12):
 PSYoungGen      total 109568K, used 4813K [0x00000000f5580000, 0x00000000fea80000, 0x0000000100000000)
  eden space 104448K, 0% used [0x00000000f5580000,0x00000000f5580000,0x00000000fbb80000)
  from space 5120K, 94% used [0x00000000fbf00000,0x00000000fc3b3408,0x00000000fc400000)
  to   space 24064K, 0% used [0x00000000fd300000,0x00000000fd300000,0x00000000fea80000)
 ParOldGen       total 103936K, used 56272K [0x00000000e0000000, 0x00000000e6580000, 0x00000000f5580000)
  object space 103936K, 54% used [0x00000000e0000000,0x00000000e36f42d0,0x00000000e6580000)
 Metaspace       used 96758K, capacity 104906K, committed 105240K, reserved 1140736K
  class space    used 11682K, capacity 14271K, committed 14384K, reserved 1048576K
}
Event: 1044.596 GC heap before
{Heap before GC invocations=42 (full 12):
 PSYoungGen      total 109568K, used 109261K [0x00000000f5580000, 0x00000000fea80000, 0x0000000100000000)
  eden space 104448K, 100% used [0x00000000f5580000,0x00000000fbb80000,0x00000000fbb80000)
  from space 5120K, 94% used [0x00000000fbf00000,0x00000000fc3b3408,0x00000000fc400000)
  to   space 24064K, 0% used [0x00000000fd300000,0x00000000fd300000,0x00000000fea80000)
 ParOldGen       total 103936K, used 56272K [0x00000000e0000000, 0x00000000e6580000, 0x00000000f5580000)
  object space 103936K, 54% used [0x00000000e0000000,0x00000000e36f42d0,0x00000000e6580000)
 Metaspace       used 96817K, capacity 104970K, committed 105240K, reserved 1140736K
  class space    used 11683K, capacity 14271K, committed 14384K, reserved 1048576K
Event: 1044.603 GC heap after
Heap after GC invocations=42 (full 12):
 PSYoungGen      total 120320K, used 4085K [0x00000000f5580000, 0x00000000fe580000, 0x0000000100000000)
  eden space 101376K, 0% used [0x00000000f5580000,0x00000000f5580000,0x00000000fb880000)
  from space 18944K, 21% used [0x00000000fd300000,0x00000000fd6fd550,0x00000000fe580000)
  to   space 23040K, 0% used [0x00000000fb880000,0x00000000fb880000,0x00000000fcf00000)
 ParOldGen       total 103936K, used 56272K [0x00000000e0000000, 0x00000000e6580000, 0x00000000f5580000)
  object space 103936K, 54% used [0x00000000e0000000,0x00000000e36f42d0,0x00000000e6580000)
 Metaspace       used 96817K, capacity 104970K, committed 105240K, reserved 1140736K
  class space    used 11683K, capacity 14271K, committed 14384K, reserved 1048576K
}
Event: 1101.111 GC heap before
{Heap before GC invocations=43 (full 12):
 PSYoungGen      total 120320K, used 105461K [0x00000000f5580000, 0x00000000fe580000, 0x0000000100000000)
  eden space 101376K, 100% used [0x00000000f5580000,0x00000000fb880000,0x00000000fb880000)
  from space 18944K, 21% used [0x00000000fd300000,0x00000000fd6fd550,0x00000000fe580000)
  to   space 23040K, 0% used [0x00000000fb880000,0x00000000fb880000,0x00000000fcf00000)
 ParOldGen       total 103936K, used 56272K [0x00000000e0000000, 0x00000000e6580000, 0x00000000f5580000)
  object space 103936K, 54% used [0x00000000e0000000,0x00000000e36f42d0,0x00000000e6580000)
 Metaspace       used 97218K, capacity 105360K, committed 105496K, reserved 1140736K
  class space    used 11718K, capacity 14336K, committed 14384K, reserved 1048576K
Event: 1101.124 GC heap after
Heap after GC invocations=43 (full 12):
 PSYoungGen      total 103424K, used 4740K [0x00000000f5580000, 0x00000000fdf80000, 0x0000000100000000)
  eden space 98304K, 0% used [0x00000000f5580000,0x00000000f5580000,0x00000000fb580000)
  from space 5120K, 92% used [0x00000000fb880000,0x00000000fbd21020,0x00000000fbd80000)
  to   space 21504K, 0% used [0x00000000fca80000,0x00000000fca80000,0x00000000fdf80000)
 ParOldGen       total 103936K, used 56280K [0x00000000e0000000, 0x00000000e6580000, 0x00000000f5580000)
  object space 103936K, 54% used [0x00000000e0000000,0x00000000e36f62d0,0x00000000e6580000)
 Metaspace       used 97218K, capacity 105360K, committed 105496K, reserved 1140736K
  class space    used 11718K, capacity 14336K, committed 14384K, reserved 1048576K
}

